{
  "log": "results/cityscapes/1024x1024/b1/logs/segformer_b1_cityscapes_1024x1024_20260217_195558.log",
  "aAcc": 96.27,
  "mIoU": 78.56,
  "mAcc": 85.43,
  "avg_time_per_iter_s": 0.058249999999999996,
  "median_time_per_iter_s": 0.057800000000000004,
  "avg_data_time_s": 0.00695,
  "avg_fps_batch1": 17.16738197424893,
  "median_fps_batch1": 17.301038062283737,
  "peak_mem_mb": 1189,
  "per_class": [
    {
      "class": "road",
      "IoU": 98.2,
      "Acc": 98.99
    },
    {
      "class": "sidewalk",
      "IoU": 85.36,
      "Acc": 93.07
    },
    {
      "class": "building",
      "IoU": 92.82,
      "Acc": 96.9
    },
    {
      "class": "wall",
      "IoU": 62.56,
      "Acc": 69.22
    },
    {
      "class": "fence",
      "IoU": 57.97,
      "Acc": 65.01
    },
    {
      "class": "pole",
      "IoU": 65.93,
      "Acc": 76.0
    },
    {
      "class": "traffic light",
      "IoU": 72.73,
      "Acc": 83.97
    },
    {
      "class": "traffic sign",
      "IoU": 80.77,
      "Acc": 87.49
    },
    {
      "class": "vegetation",
      "IoU": 92.89,
      "Acc": 96.86
    },
    {
      "class": "terrain",
      "IoU": 65.12,
      "Acc": 73.97
    },
    {
      "class": "sky",
      "IoU": 95.19,
      "Acc": 98.25
    },
    {
      "class": "person",
      "IoU": 82.36,
      "Acc": 91.68
    },
    {
      "class": "rider",
      "IoU": 60.46,
      "Acc": 72.11
    },
    {
      "class": "car",
      "IoU": 95.24,
      "Acc": 97.84
    },
    {
      "class": "truck",
      "IoU": 82.16,
      "Acc": 86.51
    },
    {
      "class": "bus",
      "IoU": 86.71,
      "Acc": 93.24
    },
    {
      "class": "train",
      "IoU": 70.93,
      "Acc": 74.83
    },
    {
      "class": "motorcycle",
      "IoU": 67.19,
      "Acc": 78.15
    },
    {
      "class": "bicycle",
      "IoU": 78.05,
      "Acc": 89.01
    }
  ]
}